<?xml version="1.0" encoding="UTF-8"?>
<testng-results ignored="0" total="3" passed="3" failed="0" skipped="0">
  <reporter-output>
  </reporter-output>
  <suite started-at="2022-07-07T12:08:11 COT" name="Default suite" finished-at="2022-07-07T12:08:46 COT" duration-ms="35215">
    <groups>
      <group name="cucumber">
        <method signature="AbstractTestNGCucumberTests.runScenario(io.cucumber.testng.PickleWrapper,io.cucumber.testng.FeatureWrapper)[pri:0, instance:cucumberOptions.testNGTestRunner@54c5a2ff]" name="runScenario" class="io.cucumber.testng.AbstractTestNGCucumberTests"/>
      </group> <!-- cucumber -->
    </groups>
    <test started-at="2022-07-07T12:08:11 COT" name="Default test" finished-at="2022-07-07T12:08:46 COT" duration-ms="35215">
      <class name="cucumberOptions.testNGTestRunner">
        <test-method is-config="true" signature="setUpClass(org.testng.ITestContext)[pri:0, instance:cucumberOptions.testNGTestRunner@54c5a2ff]" started-at="2022-07-07T12:08:11 COT" name="setUpClass" finished-at="2022-07-07T12:08:12 COT" duration-ms="345" status="PASS">
          <params>
            <param index="0">
              <value>
                <![CDATA[org.testng.TestRunner@1de4bee0]]>
              </value>
            </param>
          </params>
          <reporter-output>
          </reporter-output>
        </test-method> <!-- setUpClass -->
        <test-method signature="runScenario(io.cucumber.testng.PickleWrapper,io.cucumber.testng.FeatureWrapper)[pri:0, instance:cucumberOptions.testNGTestRunner@54c5a2ff]" started-at="2022-07-07T12:08:12 COT" name="runScenario" description="Runs Cucumber Scenarios" data-provider="scenarios" finished-at="2022-07-07T12:08:24 COT" duration-ms="12098" status="PASS">
          <params>
            <param index="0">
              <value>
                <![CDATA["Make a search for the existent user"]]>
              </value>
            </param>
            <param index="1">
              <value>
                <![CDATA["Make a search in the name field of the directory module"]]>
              </value>
            </param>
          </params>
          <reporter-output>
          </reporter-output>
        </test-method> <!-- runScenario -->
        <test-method signature="runScenario(io.cucumber.testng.PickleWrapper,io.cucumber.testng.FeatureWrapper)[pri:0, instance:cucumberOptions.testNGTestRunner@54c5a2ff]" started-at="2022-07-07T12:08:24 COT" name="runScenario" description="Runs Cucumber Scenarios" data-provider="scenarios" finished-at="2022-07-07T12:08:34 COT" duration-ms="9910" status="PASS">
          <params>
            <param index="0">
              <value>
                <![CDATA["Make a search for the unexistent user"]]>
              </value>
            </param>
            <param index="1">
              <value>
                <![CDATA["Make a search in the name field of the directory module"]]>
              </value>
            </param>
          </params>
          <reporter-output>
          </reporter-output>
        </test-method> <!-- runScenario -->
        <test-method signature="runScenario(io.cucumber.testng.PickleWrapper,io.cucumber.testng.FeatureWrapper)[pri:0, instance:cucumberOptions.testNGTestRunner@54c5a2ff]" started-at="2022-07-07T12:08:34 COT" name="runScenario" description="Runs Cucumber Scenarios" data-provider="scenarios" finished-at="2022-07-07T12:08:46 COT" duration-ms="12790" status="PASS">
          <params>
            <param index="0">
              <value>
                <![CDATA["Reset a search from the button Reset"]]>
              </value>
            </param>
            <param index="1">
              <value>
                <![CDATA["Make a search in the name field of the directory module"]]>
              </value>
            </param>
          </params>
          <reporter-output>
          </reporter-output>
        </test-method> <!-- runScenario -->
        <test-method is-config="true" signature="tearDownClass()[pri:0, instance:cucumberOptions.testNGTestRunner@54c5a2ff]" started-at="2022-07-07T12:08:46 COT" name="tearDownClass" finished-at="2022-07-07T12:08:46 COT" duration-ms="17" status="PASS">
          <reporter-output>
          </reporter-output>
        </test-method> <!-- tearDownClass -->
      </class> <!-- cucumberOptions.testNGTestRunner -->
    </test> <!-- Default test -->
  </suite> <!-- Default suite -->
</testng-results>
