<?xml version="1.0" encoding="UTF-8"?>
<testng-results ignored="0" total="1" passed="1" failed="0" skipped="0">
  <reporter-output>
  </reporter-output>
  <suite started-at="2022-06-13T15:16:37 COT" name="Default suite" finished-at="2022-06-13T15:16:53 COT" duration-ms="15933">
    <groups>
      <group name="cucumber">
        <method signature="AbstractTestNGCucumberTests.runScenario(io.cucumber.testng.PickleWrapper,io.cucumber.testng.FeatureWrapper)[pri:0, instance:cucumberOptions.testRunner@54c5a2ff]" name="runScenario" class="io.cucumber.testng.AbstractTestNGCucumberTests"/>
      </group> <!-- cucumber -->
    </groups>
    <test started-at="2022-06-13T15:16:37 COT" name="Default test" finished-at="2022-06-13T15:16:53 COT" duration-ms="15933">
      <class name="cucumberOptions.testRunner">
        <test-method is-config="true" signature="setUpClass(org.testng.ITestContext)[pri:0, instance:cucumberOptions.testRunner@54c5a2ff]" started-at="2022-06-13T15:16:37 COT" name="setUpClass" finished-at="2022-06-13T15:16:38 COT" duration-ms="1098" status="PASS">
          <params>
            <param index="0">
              <value>
                <![CDATA[org.testng.TestRunner@7e351d7]]>
              </value>
            </param>
          </params>
          <reporter-output>
          </reporter-output>
        </test-method> <!-- setUpClass -->
        <test-method signature="runScenario(io.cucumber.testng.PickleWrapper,io.cucumber.testng.FeatureWrapper)[pri:0, instance:cucumberOptions.testRunner@54c5a2ff]" started-at="2022-06-13T15:16:38 COT" name="runScenario" description="Runs Cucumber Scenarios" data-provider="scenarios" finished-at="2022-06-13T15:16:53 COT" duration-ms="14649" status="PASS">
          <params>
            <param index="0">
              <value>
                <![CDATA[""]]>
              </value>
            </param>
            <param index="1">
              <value>
                <![CDATA["Logout from the account"]]>
              </value>
            </param>
          </params>
          <reporter-output>
          </reporter-output>
        </test-method> <!-- runScenario -->
        <test-method is-config="true" signature="tearDownClass()[pri:0, instance:cucumberOptions.testRunner@54c5a2ff]" started-at="2022-06-13T15:16:53 COT" name="tearDownClass" finished-at="2022-06-13T15:16:53 COT" duration-ms="34" status="PASS">
          <reporter-output>
          </reporter-output>
        </test-method> <!-- tearDownClass -->
      </class> <!-- cucumberOptions.testRunner -->
    </test> <!-- Default test -->
  </suite> <!-- Default suite -->
</testng-results>
